Vivado Simulator 2019.2
Time resolution is 1 ps
 Block Memory Generator module loading initial data...
 Block Memory Generator data initialization complete.
Block Memory Generator module tlm_tb.uut.f.bram.inst.native_mem_module.blk_mem_gen_v8_4_4_inst is using a behavioral model for simulation which will not precisely model memory collision behavior.
 Block Memory Generator module loading initial data...
 Block Memory Generator data initialization complete.
Block Memory Generator module tlm_tb.f.bram.inst.native_mem_module.blk_mem_gen_v8_4_4_inst is using a behavioral model for simulation which will not precisely model memory collision behavior.
raw data i=  0:          x	filtered data:          x
Memory enable: 1	Load memory: 1	Filter: 0	Write back: 0	Done: 0
raw data i=  0:          0	filtered data:          x
raw data i=  0:          0	filtered data:          x
raw data i=  0:          0	filtered data:          x
raw data i=  0:          0	filtered data:          x
raw data i=  0:          0	filtered data:          x
raw data i=  1:          x	filtered data:          x
raw data i=  1:          x	filtered data:          x
raw data i=  2:          x	filtered data:          x
raw data i=  2:          x	filtered data:          x
raw data i=  3:          x	filtered data:          x
raw data i=  3:          x	filtered data:          x
raw data i=  4:          x	filtered data:          x
raw data i=  4:          x	filtered data:          x
raw data i=  5:          x	filtered data:          x
raw data i=  5:          x	filtered data:          x
raw data i=  6:          x	filtered data:          x
raw data i=  6:          x	filtered data:          x
raw data i=  7:          x	filtered data:          x
raw data i=  7:          x	filtered data:          x
raw data i=  8:          x	filtered data:          x
raw data i=  8:          x	filtered data:          x
raw data i=  9:          x	filtered data:          x
raw data i=  9:          x	filtered data:          x
raw data i= 10:          x	filtered data:          x
raw data i= 10:          x	filtered data:          x
raw data i= 11:          x	filtered data:          x
raw data i= 11:          x	filtered data:          x
raw data i= 12:          x	filtered data:          x
raw data i= 12:          x	filtered data:          x
raw data i= 13:          x	filtered data:          x
raw data i= 13:          x	filtered data:          x
raw data i= 14:          x	filtered data:          x
raw data i= 14:          x	filtered data:          x
raw data i= 15:          x	filtered data:          x
raw data i= 15:          x	filtered data:          x
raw data i= 16:          x	filtered data:          x
raw data i= 16:          x	filtered data:          x
raw data i= 17:          x	filtered data:          x
raw data i= 17:          x	filtered data:          x
raw data i= 18:          x	filtered data:          x
raw data i= 18:          x	filtered data:          x
raw data i= 19:          x	filtered data:          x
raw data i= 19:          x	filtered data:          x
raw data i= 20:          x	filtered data:          x
raw data i= 20:          x	filtered data:          x
raw data i= 21:          x	filtered data:          x
raw data i= 21:          x	filtered data:          x
raw data i= 22:          x	filtered data:          x
raw data i= 22:          x	filtered data:          x
raw data i= 23:          x	filtered data:          x
raw data i= 23:          x	filtered data:          x
raw data i= 24:          x	filtered data:          x
raw data i= 24:          x	filtered data:          x
raw data i= 25:          x	filtered data:          x
raw data i= 25:          x	filtered data:          x
Memory enable: 1	Load memory: 0	Filter: 1	Write back: 0	Done: 0
raw data i=  0:          0	filtered data:          x
raw data i=  0:          0	filtered data:          x
raw data i=  1:        100	filtered data:          x
raw data i=  1:        100	filtered data:          x
raw data i=  2:        125	filtered data:          x
raw data i=  2:        125	filtered data:          x
raw data i=  3:        148	filtered data:          x
raw data i=  3:        148	filtered data:          x
raw data i=  4:        168	filtered data:          x
raw data i=  4:        168	filtered data:          x
raw data i=  5:        184	filtered data:          x
raw data i=  5:        184	filtered data:          x
raw data i=  6:        185	filtered data:          x
raw data i=  6:        185	filtered data:          x
raw data i=  7:        200	filtered data:          x
raw data i=  7:        200	filtered data:          x
raw data i=  8:        198	filtered data:          x
raw data i=  8:        198	filtered data:          x
raw data i=  9:        190	filtered data:          x
raw data i=  9:        190	filtered data:          x
raw data i= 10:        177	filtered data:          x
raw data i= 10:        177	filtered data:          x
raw data i= 11:        159	filtered data:          x
raw data i= 11:        159	filtered data:          x
raw data i= 12:        148	filtered data:          x
raw data i= 12:        148	filtered data:          x
raw data i= 13:        113	filtered data:          x
raw data i= 13:        113	filtered data:          x
raw data i= 14:         87	filtered data:          x
raw data i= 14:         87	filtered data:          x
raw data i= 15:         63	filtered data:          x
raw data i= 15:         63	filtered data:          x
raw data i= 16:         41	filtered data:          x
raw data i= 16:         41	filtered data:          x
raw data i= 17:         23	filtered data:          x
raw data i= 17:         23	filtered data:          x
raw data i= 18:         17	filtered data:          x
raw data i= 18:         17	filtered data:          x
raw data i= 19:          2	filtered data:          x
raw data i= 19:          2	filtered data:          x
raw data i= 20:          0	filtered data:          x
raw data i= 20:          0	filtered data:          x
raw data i= 21:          5	filtered data:          x
raw data i= 21:          5	filtered data:          x
raw data i= 22:         16	filtered data:          x
raw data i= 22:         16	filtered data:          x
raw data i= 23:         32	filtered data:          x
raw data i= 23:         32	filtered data:          x
raw data i= 24:         52	filtered data:          x
raw data i= 24:         52	filtered data:          x
raw data i= 25:         75	filtered data:          x
raw data i= 25:         75	filtered data:          x
Memory enable: 1	Load memory: 0	Filter: 0	Write back: 1	Done: 0
raw data i=  0:          0	filtered data:         75
raw data i=  0:          0	filtered data:         75
raw data i=  1:        100	filtered data:         93
raw data i=  1:        100	filtered data:         93
raw data i=  2:        125	filtered data:        135
raw data i=  2:        125	filtered data:        135
raw data i=  3:        148	filtered data:        156
raw data i=  3:        148	filtered data:        156
raw data i=  4:        168	filtered data:        171
raw data i=  4:        168	filtered data:        171
raw data i=  5:        184	filtered data:        184
raw data i=  5:        184	filtered data:        184
raw data i=  6:        185	filtered data:        192
raw data i=  6:        185	filtered data:        192
raw data i=  7:        200	filtered data:        193
raw data i=  7:        200	filtered data:        193
raw data i=  8:        198	filtered data:        191
raw data i=  8:        198	filtered data:        191
raw data i=  9:        190	filtered data:        181
raw data i=  9:        190	filtered data:        181
raw data i= 10:        177	filtered data:        169
raw data i= 10:        177	filtered data:        169
raw data i= 11:        159	filtered data:        149
raw data i= 11:        159	filtered data:        149
raw data i= 12:        148	filtered data:        127
raw data i= 12:        148	filtered data:        127
raw data i= 13:        113	filtered data:        103
raw data i= 13:        113	filtered data:        103
raw data i= 14:         87	filtered data:         76
raw data i= 14:         87	filtered data:         76
raw data i= 15:         63	filtered data:         54
raw data i= 15:         63	filtered data:         54
raw data i= 16:         41	filtered data:         36
raw data i= 16:         41	filtered data:         36
raw data i= 17:         23	filtered data:         21
raw data i= 17:         23	filtered data:         21
raw data i= 18:         17	filtered data:         11
raw data i= 18:         17	filtered data:         11
raw data i= 19:          2	filtered data:          6
raw data i= 19:          2	filtered data:          6
raw data i= 20:          0	filtered data:          6
raw data i= 20:          0	filtered data:          6
raw data i= 21:          5	filtered data:         13
raw data i= 21:          5	filtered data:         13
raw data i= 22:         16	filtered data:         26
raw data i= 22:         16	filtered data:         26
raw data i= 23:         32	filtered data:         44
raw data i= 23:         32	filtered data:         44
raw data i= 24:         52	filtered data:         40
raw data i= 24:         52	filtered data:         40
raw data i= 25:         75	filtered data:         57
raw data i= 25:         75	filtered data:         57
Memory enable: 1	Load memory: 0	Filter: 0	Write back: 0	Done: x
raw data i= 25:         75	filtered data:         57
raw data i= 25:         75	filtered data:         57
Memory enable: 1	Load memory: 0	Filter: 0	Write back: 0	Done: 1
raw data i= 25:         75	filtered data:         57
raw data i= 25:         75	filtered data:         57
raw data i= 25:         75	filtered data:         57
raw data i= 25:         75	filtered data:         57
raw data i= 25:         75	filtered data:         57
raw data i= 25:         75	filtered data:         57
raw data i= 25:         75	filtered data:         57
raw data i= 25:         75	filtered data:         57
raw data i= 25:         75	filtered data:         57
raw data i= 25:         75	filtered data:         57
raw data i= 25:         75	filtered data:         57
raw data i= 25:         75	filtered data:         57
raw data i= 25:         75	filtered data:         57
raw data i= 25:         75	filtered data:         57
raw data i= 25:         75	filtered data:         57
raw data i= 25:         75	filtered data:         57
raw data i= 25:         75	filtered data:         57
raw data i= 25:         75	filtered data:         57
raw data i= 25:         75	filtered data:         57
raw data i= 25:         75	filtered data:         57
raw data i= 25:         75	filtered data:         57
raw data i= 25:         75	filtered data:         57
raw data i= 25:         75	filtered data:         57
raw data i= 25:         75	filtered data:         57
raw data i= 25:         75	filtered data:         57
raw data i= 25:         75	filtered data:         57
raw data i= 25:         75	filtered data:         57
raw data i= 25:         75	filtered data:         57
raw data i= 25:         75	filtered data:         57
raw data i= 25:         75	filtered data:         57
raw data i= 25:         75	filtered data:         57
raw data i= 25:         75	filtered data:         57
raw data i= 25:         75	filtered data:         57
raw data i= 25:         75	filtered data:         57
raw data i= 25:         75	filtered data:         57
raw data i= 25:         75	filtered data:         57
raw data i= 25:         75	filtered data:         57
raw data i= 25:         75	filtered data:         57
